[Thu May  4 13:57:18 2023] running mktexlsr
[Thu May  4 13:57:18 2023] success, output:
mktexlsr: Updating C:/Users/Stasiu Wolanski/AppData/Roaming/TinyTeX/texmf-local/ls-R...
mktexlsr: Updated C:/Users/Stasiu Wolanski/AppData/Roaming/TinyTeX/texmf-local/ls-R.
mktexlsr: Updating C:/Users/Stasiu Wolanski/AppData/Roaming/TinyTeX/texmf-config/ls-R...
mktexlsr: Updated C:/Users/Stasiu Wolanski/AppData/Roaming/TinyTeX/texmf-config/ls-R.
mktexlsr: Updating C:/Users/Stasiu Wolanski/AppData/Roaming/TinyTeX/texmf-var/ls-R...
mktexlsr: Updated C:/Users/Stasiu Wolanski/AppData/Roaming/TinyTeX/texmf-var/ls-R.
mktexlsr: Updating C:/Users/Stasiu Wolanski/AppData/Roaming/TinyTeX/texmf-dist/ls-R...
mktexlsr: Updated C:/Users/Stasiu Wolanski/AppData/Roaming/TinyTeX/texmf-dist/ls-R.
mktexlsr: Done.
--end of output of mktexlsr.

[Thu May  4 14:20:17 2023] running mktexlsr
[Thu May  4 14:20:17 2023] success, output:
mktexlsr: Updating C:/Users/Stasiu Wolanski/AppData/Roaming/TinyTeX/texmf-local/ls-R...
mktexlsr: Updated C:/Users/Stasiu Wolanski/AppData/Roaming/TinyTeX/texmf-local/ls-R.
mktexlsr: Updating C:/Users/Stasiu Wolanski/AppData/Roaming/TinyTeX/texmf-config/ls-R...
mktexlsr: Updated C:/Users/Stasiu Wolanski/AppData/Roaming/TinyTeX/texmf-config/ls-R.
mktexlsr: Updating C:/Users/Stasiu Wolanski/AppData/Roaming/TinyTeX/texmf-var/ls-R...
mktexlsr: Updated C:/Users/Stasiu Wolanski/AppData/Roaming/TinyTeX/texmf-var/ls-R.
mktexlsr: Updating C:/Users/Stasiu Wolanski/AppData/Roaming/TinyTeX/texmf-dist/ls-R...
mktexlsr: Updated C:/Users/Stasiu Wolanski/AppData/Roaming/TinyTeX/texmf-dist/ls-R.
mktexlsr: Done.
--end of output of mktexlsr.

[Thu May  4 15:07:55 2023] running mktexlsr
[Thu May  4 15:07:55 2023] success, output:
mktexlsr: Updating C:/Users/Stasiu Wolanski/AppData/Roaming/TinyTeX/texmf-local/ls-R...
mktexlsr: Updated C:/Users/Stasiu Wolanski/AppData/Roaming/TinyTeX/texmf-local/ls-R.
mktexlsr: Updating C:/Users/Stasiu Wolanski/AppData/Roaming/TinyTeX/texmf-config/ls-R...
mktexlsr: Updated C:/Users/Stasiu Wolanski/AppData/Roaming/TinyTeX/texmf-config/ls-R.
mktexlsr: Updating C:/Users/Stasiu Wolanski/AppData/Roaming/TinyTeX/texmf-var/ls-R...
mktexlsr: Updated C:/Users/Stasiu Wolanski/AppData/Roaming/TinyTeX/texmf-var/ls-R.
mktexlsr: Updating C:/Users/Stasiu Wolanski/AppData/Roaming/TinyTeX/texmf-dist/ls-R...
mktexlsr: Updated C:/Users/Stasiu Wolanski/AppData/Roaming/TinyTeX/texmf-dist/ls-R.
mktexlsr: Done.
--end of output of mktexlsr.

[Thu May  4 18:31:20 2023] running mktexlsr
[Thu May  4 18:31:20 2023] success, output:
mktexlsr: Updating C:/Users/Stasiu Wolanski/AppData/Roaming/TinyTeX/texmf-local/ls-R...
mktexlsr: Updated C:/Users/Stasiu Wolanski/AppData/Roaming/TinyTeX/texmf-local/ls-R.
mktexlsr: Updating C:/Users/Stasiu Wolanski/AppData/Roaming/TinyTeX/texmf-config/ls-R...
mktexlsr: Updated C:/Users/Stasiu Wolanski/AppData/Roaming/TinyTeX/texmf-config/ls-R.
mktexlsr: Updating C:/Users/Stasiu Wolanski/AppData/Roaming/TinyTeX/texmf-var/ls-R...
mktexlsr: Updated C:/Users/Stasiu Wolanski/AppData/Roaming/TinyTeX/texmf-var/ls-R.
mktexlsr: Updating C:/Users/Stasiu Wolanski/AppData/Roaming/TinyTeX/texmf-dist/ls-R...
mktexlsr: Updated C:/Users/Stasiu Wolanski/AppData/Roaming/TinyTeX/texmf-dist/ls-R.
mktexlsr: Done.
--end of output of mktexlsr.

[Thu May  4 19:46:08 2023] running mktexlsr
[Thu May  4 19:46:08 2023] success, output:
mktexlsr: Updating C:/Users/Stasiu Wolanski/AppData/Roaming/TinyTeX/texmf-local/ls-R...
mktexlsr: Updated C:/Users/Stasiu Wolanski/AppData/Roaming/TinyTeX/texmf-local/ls-R.
mktexlsr: Updating C:/Users/Stasiu Wolanski/AppData/Roaming/TinyTeX/texmf-config/ls-R...
mktexlsr: Updated C:/Users/Stasiu Wolanski/AppData/Roaming/TinyTeX/texmf-config/ls-R.
mktexlsr: Updating C:/Users/Stasiu Wolanski/AppData/Roaming/TinyTeX/texmf-var/ls-R...
mktexlsr: Updated C:/Users/Stasiu Wolanski/AppData/Roaming/TinyTeX/texmf-var/ls-R.
mktexlsr: Updating C:/Users/Stasiu Wolanski/AppData/Roaming/TinyTeX/texmf-dist/ls-R...
mktexlsr: Updated C:/Users/Stasiu Wolanski/AppData/Roaming/TinyTeX/texmf-dist/ls-R.
mktexlsr: Done.
--end of output of mktexlsr.

[Thu May  4 19:46:51 2023] running mktexlsr
[Thu May  4 19:46:51 2023] success, output:
mktexlsr: Updating C:/Users/Stasiu Wolanski/AppData/Roaming/TinyTeX/texmf-local/ls-R...
mktexlsr: Updated C:/Users/Stasiu Wolanski/AppData/Roaming/TinyTeX/texmf-local/ls-R.
mktexlsr: Updating C:/Users/Stasiu Wolanski/AppData/Roaming/TinyTeX/texmf-config/ls-R...
mktexlsr: Updated C:/Users/Stasiu Wolanski/AppData/Roaming/TinyTeX/texmf-config/ls-R.
mktexlsr: Updating C:/Users/Stasiu Wolanski/AppData/Roaming/TinyTeX/texmf-var/ls-R...
mktexlsr: Updated C:/Users/Stasiu Wolanski/AppData/Roaming/TinyTeX/texmf-var/ls-R.
mktexlsr: Updating C:/Users/Stasiu Wolanski/AppData/Roaming/TinyTeX/texmf-dist/ls-R...
mktexlsr: Updated C:/Users/Stasiu Wolanski/AppData/Roaming/TinyTeX/texmf-dist/ls-R.
mktexlsr: Done.
--end of output of mktexlsr.

[Thu May  4 19:47:13 2023] running mktexlsr
[Thu May  4 19:47:13 2023] success, output:
mktexlsr: Updating C:/Users/Stasiu Wolanski/AppData/Roaming/TinyTeX/texmf-local/ls-R...
mktexlsr: Updated C:/Users/Stasiu Wolanski/AppData/Roaming/TinyTeX/texmf-local/ls-R.
mktexlsr: Updating C:/Users/Stasiu Wolanski/AppData/Roaming/TinyTeX/texmf-config/ls-R...
mktexlsr: Updated C:/Users/Stasiu Wolanski/AppData/Roaming/TinyTeX/texmf-config/ls-R.
mktexlsr: Updating C:/Users/Stasiu Wolanski/AppData/Roaming/TinyTeX/texmf-var/ls-R...
mktexlsr: Updated C:/Users/Stasiu Wolanski/AppData/Roaming/TinyTeX/texmf-var/ls-R.
mktexlsr: Updating C:/Users/Stasiu Wolanski/AppData/Roaming/TinyTeX/texmf-dist/ls-R...
mktexlsr: Updated C:/Users/Stasiu Wolanski/AppData/Roaming/TinyTeX/texmf-dist/ls-R.
mktexlsr: Done.
--end of output of mktexlsr.

[Thu May  4 19:47:48 2023] running mktexlsr
[Thu May  4 19:47:48 2023] success, output:
mktexlsr: Updating C:/Users/Stasiu Wolanski/AppData/Roaming/TinyTeX/texmf-local/ls-R...
mktexlsr: Updated C:/Users/Stasiu Wolanski/AppData/Roaming/TinyTeX/texmf-local/ls-R.
mktexlsr: Updating C:/Users/Stasiu Wolanski/AppData/Roaming/TinyTeX/texmf-config/ls-R...
mktexlsr: Updated C:/Users/Stasiu Wolanski/AppData/Roaming/TinyTeX/texmf-config/ls-R.
mktexlsr: Updating C:/Users/Stasiu Wolanski/AppData/Roaming/TinyTeX/texmf-var/ls-R...
mktexlsr: Updated C:/Users/Stasiu Wolanski/AppData/Roaming/TinyTeX/texmf-var/ls-R.
mktexlsr: Updating C:/Users/Stasiu Wolanski/AppData/Roaming/TinyTeX/texmf-dist/ls-R...
mktexlsr: Updated C:/Users/Stasiu Wolanski/AppData/Roaming/TinyTeX/texmf-dist/ls-R.
mktexlsr: Done.
--end of output of mktexlsr.

[Thu May  4 19:47:48 2023] running updmap-sys
[Thu May  4 19:47:50 2023] success, output:
updmap will read the following updmap.cfg files (in precedence order):
  c:/users/stasiu wolanski/appdata/roaming/tinytex/texmf-dist/web2c/updmap.cfg
updmap may write changes to the following updmap.cfg file:
  c:/users/stasiu wolanski/appdata/roaming/tinytex/texmf-config/web2c/updmap.cfg
dvips output dir: "c:/users/stasiu wolanski/appdata/roaming/tinytex/texmf-var/fonts/map/dvips/updmap"
pdftex output dir: "c:/users/stasiu wolanski/appdata/roaming/tinytex/texmf-var/fonts/map/pdftex/updmap"
dvipdfmx output dir: "c:/users/stasiu wolanski/appdata/roaming/tinytex/texmf-var/fonts/map/dvipdfmx/updmap"

updmap is creating new map files
using the following configuration:
  LW35 font names                  : URWkb (c:/users/stasiu wolanski/appdata/roaming/tinytex/texmf-dist/web2c/updmap.cfg)
  prefer outlines                  : true (c:/users/stasiu wolanski/appdata/roaming/tinytex/texmf-dist/web2c/updmap.cfg)
  texhash enabled                  : true
  download standard fonts (dvips)  : true (c:/users/stasiu wolanski/appdata/roaming/tinytex/texmf-dist/web2c/updmap.cfg)
  download standard fonts (pdftex) : true (c:/users/stasiu wolanski/appdata/roaming/tinytex/texmf-dist/web2c/updmap.cfg)
  jaEmbed replacement string       : haranoaji (c:/users/stasiu wolanski/appdata/roaming/tinytex/texmf-dist/web2c/updmap.cfg)
  jaVariant replacement string     : -04 (c:/users/stasiu wolanski/appdata/roaming/tinytex/texmf-dist/web2c/updmap.cfg)
  scEmbed replacement string       : arphic (c:/users/stasiu wolanski/appdata/roaming/tinytex/texmf-dist/web2c/updmap.cfg)
  tcEmbed replacement string       : arphic (c:/users/stasiu wolanski/appdata/roaming/tinytex/texmf-dist/web2c/updmap.cfg)
  koEmbed replacement string       : baekmuk (c:/users/stasiu wolanski/appdata/roaming/tinytex/texmf-dist/web2c/updmap.cfg)
  create a mapfile for pxdvi       : false (default)

Scanning for LW35 support files  [  3 files]
Scanning for MixedMap entries    [  7 files]
Scanning for KanjiMap entries    [  0 files]
Scanning for Map entries         [ 14 files]

Generating output for dvipdfmx...
Generating output for ps2pk...
Generating output for dvips...
Generating output for pdftex...

Files generated:
  c:/users/stasiu wolanski/appdata/roaming/tinytex/texmf-var/fonts/map/dvips/updmap:
       16103 2023-05-04 19:47:49 builtin35.map
       21577 2023-05-04 19:47:49 download35.map
       88065 2023-05-04 19:47:49 psfonts_pk.map
       94450 2023-05-04 19:47:49 psfonts_t1.map
       94445 2023-05-04 19:47:49 ps2pk.map
       94450 2023-05-04 19:47:49 psfonts.map = psfonts_t1.map
  c:/users/stasiu wolanski/appdata/roaming/tinytex/texmf-var/fonts/map/pdftex/updmap:
       94452 2023-05-04 19:47:49 pdftex_dl14.map
       92787 2023-05-04 19:47:49 pdftex_ndl14.map
       94452 2023-05-04 19:47:49 pdftex.map = pdftex_dl14.map
  c:/users/stasiu wolanski/appdata/roaming/tinytex/texmf-var/fonts/map/dvipdfmx/updmap:
         375 2023-05-04 19:47:49 kanjix.map

Transcript written on: c:/users/stasiu wolanski/appdata/roaming/tinytex/texmf-var/web2c/updmap.log
updmap: updating ls-R files.
--end of output of updmap-sys.

[Thu May  4 19:50:14 2023] running mktexlsr
[Thu May  4 19:50:14 2023] success, output:
mktexlsr: Updating C:/Users/Stasiu Wolanski/AppData/Roaming/TinyTeX/texmf-local/ls-R...
mktexlsr: Updated C:/Users/Stasiu Wolanski/AppData/Roaming/TinyTeX/texmf-local/ls-R.
mktexlsr: Updating C:/Users/Stasiu Wolanski/AppData/Roaming/TinyTeX/texmf-config/ls-R...
mktexlsr: Updated C:/Users/Stasiu Wolanski/AppData/Roaming/TinyTeX/texmf-config/ls-R.
mktexlsr: Updating C:/Users/Stasiu Wolanski/AppData/Roaming/TinyTeX/texmf-var/ls-R...
mktexlsr: Updated C:/Users/Stasiu Wolanski/AppData/Roaming/TinyTeX/texmf-var/ls-R.
mktexlsr: Updating C:/Users/Stasiu Wolanski/AppData/Roaming/TinyTeX/texmf-dist/ls-R...
mktexlsr: Updated C:/Users/Stasiu Wolanski/AppData/Roaming/TinyTeX/texmf-dist/ls-R.
mktexlsr: Done.
--end of output of mktexlsr.

[Thu May  4 19:50:14 2023] running updmap-sys
[Thu May  4 19:50:15 2023] success, output:
updmap will read the following updmap.cfg files (in precedence order):
  c:/users/stasiu wolanski/appdata/roaming/tinytex/texmf-dist/web2c/updmap.cfg
updmap may write changes to the following updmap.cfg file:
  c:/users/stasiu wolanski/appdata/roaming/tinytex/texmf-config/web2c/updmap.cfg
dvips output dir: "c:/users/stasiu wolanski/appdata/roaming/tinytex/texmf-var/fonts/map/dvips/updmap"
pdftex output dir: "c:/users/stasiu wolanski/appdata/roaming/tinytex/texmf-var/fonts/map/pdftex/updmap"
dvipdfmx output dir: "c:/users/stasiu wolanski/appdata/roaming/tinytex/texmf-var/fonts/map/dvipdfmx/updmap"

updmap is creating new map files
using the following configuration:
  LW35 font names                  : URWkb (c:/users/stasiu wolanski/appdata/roaming/tinytex/texmf-dist/web2c/updmap.cfg)
  prefer outlines                  : true (c:/users/stasiu wolanski/appdata/roaming/tinytex/texmf-dist/web2c/updmap.cfg)
  texhash enabled                  : true
  download standard fonts (dvips)  : true (c:/users/stasiu wolanski/appdata/roaming/tinytex/texmf-dist/web2c/updmap.cfg)
  download standard fonts (pdftex) : true (c:/users/stasiu wolanski/appdata/roaming/tinytex/texmf-dist/web2c/updmap.cfg)
  jaEmbed replacement string       : haranoaji (c:/users/stasiu wolanski/appdata/roaming/tinytex/texmf-dist/web2c/updmap.cfg)
  jaVariant replacement string     : -04 (c:/users/stasiu wolanski/appdata/roaming/tinytex/texmf-dist/web2c/updmap.cfg)
  scEmbed replacement string       : arphic (c:/users/stasiu wolanski/appdata/roaming/tinytex/texmf-dist/web2c/updmap.cfg)
  tcEmbed replacement string       : arphic (c:/users/stasiu wolanski/appdata/roaming/tinytex/texmf-dist/web2c/updmap.cfg)
  koEmbed replacement string       : baekmuk (c:/users/stasiu wolanski/appdata/roaming/tinytex/texmf-dist/web2c/updmap.cfg)
  create a mapfile for pxdvi       : false (default)

Scanning for LW35 support files  [  3 files]
Scanning for MixedMap entries    [  8 files]
Scanning for KanjiMap entries    [  0 files]
Scanning for Map entries         [ 14 files]

Generating output for dvipdfmx...
Generating output for ps2pk...
Generating output for dvips...
Generating output for pdftex...

Files generated:
  c:/users/stasiu wolanski/appdata/roaming/tinytex/texmf-var/fonts/map/dvips/updmap:
       16103 2023-05-04 19:50:14 builtin35.map
       21577 2023-05-04 19:50:14 download35.map
       88065 2023-05-04 19:50:14 psfonts_pk.map
       94537 2023-05-04 19:50:14 psfonts_t1.map
       94532 2023-05-04 19:50:14 ps2pk.map
       94537 2023-05-04 19:50:14 psfonts.map = psfonts_t1.map
  c:/users/stasiu wolanski/appdata/roaming/tinytex/texmf-var/fonts/map/pdftex/updmap:
       94539 2023-05-04 19:50:14 pdftex_dl14.map
       92874 2023-05-04 19:50:14 pdftex_ndl14.map
       94539 2023-05-04 19:50:14 pdftex.map = pdftex_dl14.map
  c:/users/stasiu wolanski/appdata/roaming/tinytex/texmf-var/fonts/map/dvipdfmx/updmap:
         375 2023-05-04 19:50:14 kanjix.map

Transcript written on: c:/users/stasiu wolanski/appdata/roaming/tinytex/texmf-var/web2c/updmap.log
updmap: updating ls-R files.
--end of output of updmap-sys.

[Thu May  4 20:24:53 2023] running mktexlsr
[Thu May  4 20:24:53 2023] success, output:
mktexlsr: Updating C:/Users/Stasiu Wolanski/AppData/Roaming/TinyTeX/texmf-local/ls-R...
mktexlsr: Updated C:/Users/Stasiu Wolanski/AppData/Roaming/TinyTeX/texmf-local/ls-R.
mktexlsr: Updating C:/Users/Stasiu Wolanski/AppData/Roaming/TinyTeX/texmf-config/ls-R...
mktexlsr: Updated C:/Users/Stasiu Wolanski/AppData/Roaming/TinyTeX/texmf-config/ls-R.
mktexlsr: Updating C:/Users/Stasiu Wolanski/AppData/Roaming/TinyTeX/texmf-var/ls-R...
mktexlsr: Updated C:/Users/Stasiu Wolanski/AppData/Roaming/TinyTeX/texmf-var/ls-R.
mktexlsr: Updating C:/Users/Stasiu Wolanski/AppData/Roaming/TinyTeX/texmf-dist/ls-R...
mktexlsr: Updated C:/Users/Stasiu Wolanski/AppData/Roaming/TinyTeX/texmf-dist/ls-R.
mktexlsr: Done.
--end of output of mktexlsr.

[Thu May  4 20:26:15 2023] running mktexlsr
[Thu May  4 20:26:15 2023] success, output:
mktexlsr: Updating C:/Users/Stasiu Wolanski/AppData/Roaming/TinyTeX/texmf-local/ls-R...
mktexlsr: Updated C:/Users/Stasiu Wolanski/AppData/Roaming/TinyTeX/texmf-local/ls-R.
mktexlsr: Updating C:/Users/Stasiu Wolanski/AppData/Roaming/TinyTeX/texmf-config/ls-R...
mktexlsr: Updated C:/Users/Stasiu Wolanski/AppData/Roaming/TinyTeX/texmf-config/ls-R.
mktexlsr: Updating C:/Users/Stasiu Wolanski/AppData/Roaming/TinyTeX/texmf-var/ls-R...
mktexlsr: Updated C:/Users/Stasiu Wolanski/AppData/Roaming/TinyTeX/texmf-var/ls-R.
mktexlsr: Updating C:/Users/Stasiu Wolanski/AppData/Roaming/TinyTeX/texmf-dist/ls-R...
mktexlsr: Updated C:/Users/Stasiu Wolanski/AppData/Roaming/TinyTeX/texmf-dist/ls-R.
mktexlsr: Done.
--end of output of mktexlsr.

[Fri May  5 10:51:32 2023] running mktexlsr
[Fri May  5 10:51:32 2023] success, output:
mktexlsr: Updating C:/Users/Stasiu Wolanski/AppData/Roaming/TinyTeX/texmf-local/ls-R...
mktexlsr: Updated C:/Users/Stasiu Wolanski/AppData/Roaming/TinyTeX/texmf-local/ls-R.
mktexlsr: Updating C:/Users/Stasiu Wolanski/AppData/Roaming/TinyTeX/texmf-config/ls-R...
mktexlsr: Updated C:/Users/Stasiu Wolanski/AppData/Roaming/TinyTeX/texmf-config/ls-R.
mktexlsr: Updating C:/Users/Stasiu Wolanski/AppData/Roaming/TinyTeX/texmf-var/ls-R...
mktexlsr: Updated C:/Users/Stasiu Wolanski/AppData/Roaming/TinyTeX/texmf-var/ls-R.
mktexlsr: Updating C:/Users/Stasiu Wolanski/AppData/Roaming/TinyTeX/texmf-dist/ls-R...
mktexlsr: Updated C:/Users/Stasiu Wolanski/AppData/Roaming/TinyTeX/texmf-dist/ls-R.
mktexlsr: Done.
--end of output of mktexlsr.

[Fri May  5 12:01:11 2023] running mktexlsr
[Fri May  5 12:01:11 2023] success, output:
mktexlsr: Updating C:/Users/Stasiu Wolanski/AppData/Roaming/TinyTeX/texmf-local/ls-R...
mktexlsr: Updated C:/Users/Stasiu Wolanski/AppData/Roaming/TinyTeX/texmf-local/ls-R.
mktexlsr: Updating C:/Users/Stasiu Wolanski/AppData/Roaming/TinyTeX/texmf-config/ls-R...
mktexlsr: Updated C:/Users/Stasiu Wolanski/AppData/Roaming/TinyTeX/texmf-config/ls-R.
mktexlsr: Updating C:/Users/Stasiu Wolanski/AppData/Roaming/TinyTeX/texmf-var/ls-R...
mktexlsr: Updated C:/Users/Stasiu Wolanski/AppData/Roaming/TinyTeX/texmf-var/ls-R.
mktexlsr: Updating C:/Users/Stasiu Wolanski/AppData/Roaming/TinyTeX/texmf-dist/ls-R...
mktexlsr: Updated C:/Users/Stasiu Wolanski/AppData/Roaming/TinyTeX/texmf-dist/ls-R.
mktexlsr: Done.
--end of output of mktexlsr.

[Fri May  5 12:02:50 2023] running mktexlsr
[Fri May  5 12:02:50 2023] success, output:
mktexlsr: Updating C:/Users/Stasiu Wolanski/AppData/Roaming/TinyTeX/texmf-local/ls-R...
mktexlsr: Updated C:/Users/Stasiu Wolanski/AppData/Roaming/TinyTeX/texmf-local/ls-R.
mktexlsr: Updating C:/Users/Stasiu Wolanski/AppData/Roaming/TinyTeX/texmf-config/ls-R...
mktexlsr: Updated C:/Users/Stasiu Wolanski/AppData/Roaming/TinyTeX/texmf-config/ls-R.
mktexlsr: Updating C:/Users/Stasiu Wolanski/AppData/Roaming/TinyTeX/texmf-var/ls-R...
mktexlsr: Updated C:/Users/Stasiu Wolanski/AppData/Roaming/TinyTeX/texmf-var/ls-R.
mktexlsr: Updating C:/Users/Stasiu Wolanski/AppData/Roaming/TinyTeX/texmf-dist/ls-R...
mktexlsr: Updated C:/Users/Stasiu Wolanski/AppData/Roaming/TinyTeX/texmf-dist/ls-R.
mktexlsr: Done.
--end of output of mktexlsr.

[Sat May  6 14:49:14 2023] running mktexlsr
[Sat May  6 14:49:14 2023] success, output:
mktexlsr: Updating C:/Users/Stasiu Wolanski/AppData/Roaming/TinyTeX/texmf-local/ls-R...
mktexlsr: Updated C:/Users/Stasiu Wolanski/AppData/Roaming/TinyTeX/texmf-local/ls-R.
mktexlsr: Updating C:/Users/Stasiu Wolanski/AppData/Roaming/TinyTeX/texmf-config/ls-R...
mktexlsr: Updated C:/Users/Stasiu Wolanski/AppData/Roaming/TinyTeX/texmf-config/ls-R.
mktexlsr: Updating C:/Users/Stasiu Wolanski/AppData/Roaming/TinyTeX/texmf-var/ls-R...
mktexlsr: Updated C:/Users/Stasiu Wolanski/AppData/Roaming/TinyTeX/texmf-var/ls-R.
mktexlsr: Updating C:/Users/Stasiu Wolanski/AppData/Roaming/TinyTeX/texmf-dist/ls-R...
mktexlsr: Updated C:/Users/Stasiu Wolanski/AppData/Roaming/TinyTeX/texmf-dist/ls-R.
mktexlsr: Done.
--end of output of mktexlsr.

[Mon May  8 15:15:58 2023] running mktexlsr
[Mon May  8 15:15:59 2023] success, output:
mktexlsr: Updating C:/Users/Stasiu Wolanski/AppData/Roaming/TinyTeX/texmf-local/ls-R...
mktexlsr: Updated C:/Users/Stasiu Wolanski/AppData/Roaming/TinyTeX/texmf-local/ls-R.
mktexlsr: Updating C:/Users/Stasiu Wolanski/AppData/Roaming/TinyTeX/texmf-config/ls-R...
mktexlsr: Updated C:/Users/Stasiu Wolanski/AppData/Roaming/TinyTeX/texmf-config/ls-R.
mktexlsr: Updating C:/Users/Stasiu Wolanski/AppData/Roaming/TinyTeX/texmf-var/ls-R...
mktexlsr: Updated C:/Users/Stasiu Wolanski/AppData/Roaming/TinyTeX/texmf-var/ls-R.
mktexlsr: Updating C:/Users/Stasiu Wolanski/AppData/Roaming/TinyTeX/texmf-dist/ls-R...
mktexlsr: Updated C:/Users/Stasiu Wolanski/AppData/Roaming/TinyTeX/texmf-dist/ls-R.
mktexlsr: Done.
--end of output of mktexlsr.

[Mon May  8 15:16:46 2023] running mktexlsr
[Mon May  8 15:16:46 2023] success, output:
mktexlsr: Updating C:/Users/Stasiu Wolanski/AppData/Roaming/TinyTeX/texmf-local/ls-R...
mktexlsr: Updated C:/Users/Stasiu Wolanski/AppData/Roaming/TinyTeX/texmf-local/ls-R.
mktexlsr: Updating C:/Users/Stasiu Wolanski/AppData/Roaming/TinyTeX/texmf-config/ls-R...
mktexlsr: Updated C:/Users/Stasiu Wolanski/AppData/Roaming/TinyTeX/texmf-config/ls-R.
mktexlsr: Updating C:/Users/Stasiu Wolanski/AppData/Roaming/TinyTeX/texmf-var/ls-R...
mktexlsr: Updated C:/Users/Stasiu Wolanski/AppData/Roaming/TinyTeX/texmf-var/ls-R.
mktexlsr: Updating C:/Users/Stasiu Wolanski/AppData/Roaming/TinyTeX/texmf-dist/ls-R...
mktexlsr: Updated C:/Users/Stasiu Wolanski/AppData/Roaming/TinyTeX/texmf-dist/ls-R.
mktexlsr: Done.
--end of output of mktexlsr.

[Mon May  8 15:16:46 2023] running updmap-sys
[Mon May  8 15:16:48 2023] success, output:
updmap will read the following updmap.cfg files (in precedence order):
  c:/users/stasiu wolanski/appdata/roaming/tinytex/texmf-dist/web2c/updmap.cfg
updmap may write changes to the following updmap.cfg file:
  c:/users/stasiu wolanski/appdata/roaming/tinytex/texmf-config/web2c/updmap.cfg
dvips output dir: "c:/users/stasiu wolanski/appdata/roaming/tinytex/texmf-var/fonts/map/dvips/updmap"
pdftex output dir: "c:/users/stasiu wolanski/appdata/roaming/tinytex/texmf-var/fonts/map/pdftex/updmap"
dvipdfmx output dir: "c:/users/stasiu wolanski/appdata/roaming/tinytex/texmf-var/fonts/map/dvipdfmx/updmap"

updmap is creating new map files
using the following configuration:
  LW35 font names                  : URWkb (c:/users/stasiu wolanski/appdata/roaming/tinytex/texmf-dist/web2c/updmap.cfg)
  prefer outlines                  : true (c:/users/stasiu wolanski/appdata/roaming/tinytex/texmf-dist/web2c/updmap.cfg)
  texhash enabled                  : true
  download standard fonts (dvips)  : true (c:/users/stasiu wolanski/appdata/roaming/tinytex/texmf-dist/web2c/updmap.cfg)
  download standard fonts (pdftex) : true (c:/users/stasiu wolanski/appdata/roaming/tinytex/texmf-dist/web2c/updmap.cfg)
  jaEmbed replacement string       : haranoaji (c:/users/stasiu wolanski/appdata/roaming/tinytex/texmf-dist/web2c/updmap.cfg)
  jaVariant replacement string     : -04 (c:/users/stasiu wolanski/appdata/roaming/tinytex/texmf-dist/web2c/updmap.cfg)
  scEmbed replacement string       : arphic (c:/users/stasiu wolanski/appdata/roaming/tinytex/texmf-dist/web2c/updmap.cfg)
  tcEmbed replacement string       : arphic (c:/users/stasiu wolanski/appdata/roaming/tinytex/texmf-dist/web2c/updmap.cfg)
  koEmbed replacement string       : baekmuk (c:/users/stasiu wolanski/appdata/roaming/tinytex/texmf-dist/web2c/updmap.cfg)
  create a mapfile for pxdvi       : false (default)

Scanning for LW35 support files  [  3 files]
Scanning for MixedMap entries    [ 14 files]
Scanning for KanjiMap entries    [  0 files]
Scanning for Map entries         [ 14 files]

Generating output for dvipdfmx...
Generating output for ps2pk...
Generating output for dvips...
Generating output for pdftex...

Files generated:
  c:/users/stasiu wolanski/appdata/roaming/tinytex/texmf-var/fonts/map/dvips/updmap:
       16103 2023-05-08 15:16:47 builtin35.map
       21577 2023-05-08 15:16:47 download35.map
       88065 2023-05-08 15:16:47 psfonts_pk.map
      294297 2023-05-08 15:16:47 psfonts_t1.map
      294292 2023-05-08 15:16:47 ps2pk.map
      294297 2023-05-08 15:16:47 psfonts.map = psfonts_t1.map
  c:/users/stasiu wolanski/appdata/roaming/tinytex/texmf-var/fonts/map/pdftex/updmap:
      294299 2023-05-08 15:16:47 pdftex_dl14.map
      292634 2023-05-08 15:16:47 pdftex_ndl14.map
      294299 2023-05-08 15:16:47 pdftex.map = pdftex_dl14.map
  c:/users/stasiu wolanski/appdata/roaming/tinytex/texmf-var/fonts/map/dvipdfmx/updmap:
         375 2023-05-08 15:16:47 kanjix.map

Transcript written on: c:/users/stasiu wolanski/appdata/roaming/tinytex/texmf-var/web2c/updmap.log
updmap: updating ls-R files.
--end of output of updmap-sys.

[Mon May  8 15:17:20 2023] running mktexlsr
[Mon May  8 15:17:20 2023] success, output:
mktexlsr: Updating C:/Users/Stasiu Wolanski/AppData/Roaming/TinyTeX/texmf-local/ls-R...
mktexlsr: Updated C:/Users/Stasiu Wolanski/AppData/Roaming/TinyTeX/texmf-local/ls-R.
mktexlsr: Updating C:/Users/Stasiu Wolanski/AppData/Roaming/TinyTeX/texmf-config/ls-R...
mktexlsr: Updated C:/Users/Stasiu Wolanski/AppData/Roaming/TinyTeX/texmf-config/ls-R.
mktexlsr: Updating C:/Users/Stasiu Wolanski/AppData/Roaming/TinyTeX/texmf-var/ls-R...
mktexlsr: Updated C:/Users/Stasiu Wolanski/AppData/Roaming/TinyTeX/texmf-var/ls-R.
mktexlsr: Updating C:/Users/Stasiu Wolanski/AppData/Roaming/TinyTeX/texmf-dist/ls-R...
mktexlsr: Updated C:/Users/Stasiu Wolanski/AppData/Roaming/TinyTeX/texmf-dist/ls-R.
mktexlsr: Done.
--end of output of mktexlsr.

[Wed May 10 12:26:27 2023] running mktexlsr
[Wed May 10 12:26:27 2023] success, output:
mktexlsr: Updating C:/Users/Stasiu Wolanski/AppData/Roaming/TinyTeX/texmf-local/ls-R...
mktexlsr: Updated C:/Users/Stasiu Wolanski/AppData/Roaming/TinyTeX/texmf-local/ls-R.
mktexlsr: Updating C:/Users/Stasiu Wolanski/AppData/Roaming/TinyTeX/texmf-config/ls-R...
mktexlsr: Updated C:/Users/Stasiu Wolanski/AppData/Roaming/TinyTeX/texmf-config/ls-R.
mktexlsr: Updating C:/Users/Stasiu Wolanski/AppData/Roaming/TinyTeX/texmf-var/ls-R...
mktexlsr: Updated C:/Users/Stasiu Wolanski/AppData/Roaming/TinyTeX/texmf-var/ls-R.
mktexlsr: Updating C:/Users/Stasiu Wolanski/AppData/Roaming/TinyTeX/texmf-dist/ls-R...
mktexlsr: Updated C:/Users/Stasiu Wolanski/AppData/Roaming/TinyTeX/texmf-dist/ls-R.
mktexlsr: Done.
--end of output of mktexlsr.

[Wed May 10 12:27:39 2023] running mktexlsr
[Wed May 10 12:27:39 2023] success, output:
mktexlsr: Updating C:/Users/Stasiu Wolanski/AppData/Roaming/TinyTeX/texmf-local/ls-R...
mktexlsr: Updated C:/Users/Stasiu Wolanski/AppData/Roaming/TinyTeX/texmf-local/ls-R.
mktexlsr: Updating C:/Users/Stasiu Wolanski/AppData/Roaming/TinyTeX/texmf-config/ls-R...
mktexlsr: Updated C:/Users/Stasiu Wolanski/AppData/Roaming/TinyTeX/texmf-config/ls-R.
mktexlsr: Updating C:/Users/Stasiu Wolanski/AppData/Roaming/TinyTeX/texmf-var/ls-R...
mktexlsr: Updated C:/Users/Stasiu Wolanski/AppData/Roaming/TinyTeX/texmf-var/ls-R.
mktexlsr: Updating C:/Users/Stasiu Wolanski/AppData/Roaming/TinyTeX/texmf-dist/ls-R...
mktexlsr: Updated C:/Users/Stasiu Wolanski/AppData/Roaming/TinyTeX/texmf-dist/ls-R.
mktexlsr: Done.
--end of output of mktexlsr.

[Wed May 10 12:28:09 2023] running mktexlsr
[Wed May 10 12:28:09 2023] success, output:
mktexlsr: Updating C:/Users/Stasiu Wolanski/AppData/Roaming/TinyTeX/texmf-local/ls-R...
mktexlsr: Updated C:/Users/Stasiu Wolanski/AppData/Roaming/TinyTeX/texmf-local/ls-R.
mktexlsr: Updating C:/Users/Stasiu Wolanski/AppData/Roaming/TinyTeX/texmf-config/ls-R...
mktexlsr: Updated C:/Users/Stasiu Wolanski/AppData/Roaming/TinyTeX/texmf-config/ls-R.
mktexlsr: Updating C:/Users/Stasiu Wolanski/AppData/Roaming/TinyTeX/texmf-var/ls-R...
mktexlsr: Updated C:/Users/Stasiu Wolanski/AppData/Roaming/TinyTeX/texmf-var/ls-R.
mktexlsr: Updating C:/Users/Stasiu Wolanski/AppData/Roaming/TinyTeX/texmf-dist/ls-R...
mktexlsr: Updated C:/Users/Stasiu Wolanski/AppData/Roaming/TinyTeX/texmf-dist/ls-R.
mktexlsr: Done.
--end of output of mktexlsr.

[Wed May 10 12:28:39 2023] running mktexlsr
[Wed May 10 12:28:39 2023] success, output:
mktexlsr: Updating C:/Users/Stasiu Wolanski/AppData/Roaming/TinyTeX/texmf-local/ls-R...
mktexlsr: Updated C:/Users/Stasiu Wolanski/AppData/Roaming/TinyTeX/texmf-local/ls-R.
mktexlsr: Updating C:/Users/Stasiu Wolanski/AppData/Roaming/TinyTeX/texmf-config/ls-R...
mktexlsr: Updated C:/Users/Stasiu Wolanski/AppData/Roaming/TinyTeX/texmf-config/ls-R.
mktexlsr: Updating C:/Users/Stasiu Wolanski/AppData/Roaming/TinyTeX/texmf-var/ls-R...
mktexlsr: Updated C:/Users/Stasiu Wolanski/AppData/Roaming/TinyTeX/texmf-var/ls-R.
mktexlsr: Updating C:/Users/Stasiu Wolanski/AppData/Roaming/TinyTeX/texmf-dist/ls-R...
mktexlsr: Updated C:/Users/Stasiu Wolanski/AppData/Roaming/TinyTeX/texmf-dist/ls-R.
mktexlsr: Done.
--end of output of mktexlsr.

[Wed May 10 12:29:05 2023] running mktexlsr
[Wed May 10 12:29:05 2023] success, output:
mktexlsr: Updating C:/Users/Stasiu Wolanski/AppData/Roaming/TinyTeX/texmf-local/ls-R...
mktexlsr: Updated C:/Users/Stasiu Wolanski/AppData/Roaming/TinyTeX/texmf-local/ls-R.
mktexlsr: Updating C:/Users/Stasiu Wolanski/AppData/Roaming/TinyTeX/texmf-config/ls-R...
mktexlsr: Updated C:/Users/Stasiu Wolanski/AppData/Roaming/TinyTeX/texmf-config/ls-R.
mktexlsr: Updating C:/Users/Stasiu Wolanski/AppData/Roaming/TinyTeX/texmf-var/ls-R...
mktexlsr: Updated C:/Users/Stasiu Wolanski/AppData/Roaming/TinyTeX/texmf-var/ls-R.
mktexlsr: Updating C:/Users/Stasiu Wolanski/AppData/Roaming/TinyTeX/texmf-dist/ls-R...
mktexlsr: Updated C:/Users/Stasiu Wolanski/AppData/Roaming/TinyTeX/texmf-dist/ls-R.
mktexlsr: Done.
--end of output of mktexlsr.

[Wed May 10 12:30:01 2023] running mktexlsr
[Wed May 10 12:30:01 2023] success, output:
mktexlsr: Updating C:/Users/Stasiu Wolanski/AppData/Roaming/TinyTeX/texmf-local/ls-R...
mktexlsr: Updated C:/Users/Stasiu Wolanski/AppData/Roaming/TinyTeX/texmf-local/ls-R.
mktexlsr: Updating C:/Users/Stasiu Wolanski/AppData/Roaming/TinyTeX/texmf-config/ls-R...
mktexlsr: Updated C:/Users/Stasiu Wolanski/AppData/Roaming/TinyTeX/texmf-config/ls-R.
mktexlsr: Updating C:/Users/Stasiu Wolanski/AppData/Roaming/TinyTeX/texmf-var/ls-R...
mktexlsr: Updated C:/Users/Stasiu Wolanski/AppData/Roaming/TinyTeX/texmf-var/ls-R.
mktexlsr: Updating C:/Users/Stasiu Wolanski/AppData/Roaming/TinyTeX/texmf-dist/ls-R...
mktexlsr: Updated C:/Users/Stasiu Wolanski/AppData/Roaming/TinyTeX/texmf-dist/ls-R.
mktexlsr: Done.
--end of output of mktexlsr.

[Wed May 10 13:30:28 2023] running mktexlsr
[Wed May 10 13:30:28 2023] success, output:
mktexlsr: Updating C:/Users/Stasiu Wolanski/AppData/Roaming/TinyTeX/texmf-local/ls-R...
mktexlsr: Updated C:/Users/Stasiu Wolanski/AppData/Roaming/TinyTeX/texmf-local/ls-R.
mktexlsr: Updating C:/Users/Stasiu Wolanski/AppData/Roaming/TinyTeX/texmf-config/ls-R...
mktexlsr: Updated C:/Users/Stasiu Wolanski/AppData/Roaming/TinyTeX/texmf-config/ls-R.
mktexlsr: Updating C:/Users/Stasiu Wolanski/AppData/Roaming/TinyTeX/texmf-var/ls-R...
mktexlsr: Updated C:/Users/Stasiu Wolanski/AppData/Roaming/TinyTeX/texmf-var/ls-R.
mktexlsr: Updating C:/Users/Stasiu Wolanski/AppData/Roaming/TinyTeX/texmf-dist/ls-R...
mktexlsr: Updated C:/Users/Stasiu Wolanski/AppData/Roaming/TinyTeX/texmf-dist/ls-R.
mktexlsr: Done.
--end of output of mktexlsr.

