[Thu May  4 13:57:16 2023] install: catchfile
[Thu May  4 13:57:16 2023] install: fvextra
[Thu May  4 13:57:17 2023] install: ifplatform
[Thu May  4 13:57:17 2023] install: lineno
[Thu May  4 13:57:17 2023] install: minted
[Thu May  4 13:57:17 2023] install: upquote
[Thu May  4 13:57:18 2023] install: xstring
[Thu May  4 13:57:18 2023] command: mktexlsr
[Thu May  4 14:20:16 2023] install: biblatex
[Thu May  4 14:20:17 2023] install: logreq
[Thu May  4 14:20:17 2023] command: mktexlsr
[Thu May  4 14:32:58 2023] install: biber.windows
[Thu May  4 14:32:58 2023] install: biber
[Thu May  4 15:07:55 2023] install: appendix
[Thu May  4 15:07:55 2023] command: mktexlsr
[Thu May  4 18:31:20 2023] install: siunitx
[Thu May  4 18:31:20 2023] command: mktexlsr
[Thu May  4 19:46:08 2023] install: jknapltx
[Thu May  4 19:46:08 2023] command: mktexlsr
[Thu May  4 19:46:51 2023] install: mismath
[Thu May  4 19:46:51 2023] command: mktexlsr
[Thu May  4 19:47:13 2023] install: mathtools
[Thu May  4 19:47:13 2023] command: mktexlsr
[Thu May  4 19:47:48 2023] install: esvect
[Thu May  4 19:47:48 2023] command: mktexlsr
[Thu May  4 19:47:48 2023] command: updmap-sys
[Thu May  4 19:50:14 2023] install: rsfs
[Thu May  4 19:50:14 2023] command: mktexlsr
[Thu May  4 19:50:14 2023] command: updmap-sys
[Thu May  4 20:24:53 2023] install: physics
[Thu May  4 20:24:53 2023] command: mktexlsr
[Thu May  4 20:26:15 2023] install: braket
[Thu May  4 20:26:15 2023] command: mktexlsr
[Fri May  5 10:51:32 2023] install: mathabx
[Fri May  5 10:51:32 2023] command: mktexlsr
[Fri May  5 12:01:11 2023] install: diagbox
[Fri May  5 12:01:11 2023] command: mktexlsr
[Fri May  5 12:02:50 2023] install: pict2e
[Fri May  5 12:02:50 2023] command: mktexlsr
[Sat May  6 14:49:14 2023] install: grfext
[Sat May  6 14:49:14 2023] command: mktexlsr
[Mon May  8 15:15:58 2023] install: type1cm
[Mon May  8 15:15:58 2023] command: mktexlsr
[Mon May  8 15:16:46 2023] install: cm-super
[Mon May  8 15:16:46 2023] command: mktexlsr
[Mon May  8 15:16:46 2023] command: updmap-sys
[Mon May  8 15:17:20 2023] install: underscore
[Mon May  8 15:17:20 2023] command: mktexlsr
[Mon May  8 15:19:01 2023] install: dvipng.windows
[Mon May  8 15:19:02 2023] install: dvipng
[Wed May 10 12:26:27 2023] install: quantikz
[Wed May 10 12:26:27 2023] command: mktexlsr
[Wed May 10 12:27:38 2023] install: fp
[Wed May 10 12:27:38 2023] install: ms
[Wed May 10 12:27:39 2023] install: pgf
[Wed May 10 12:27:39 2023] command: mktexlsr
[Wed May 10 12:28:09 2023] install: xargs
[Wed May 10 12:28:09 2023] command: mktexlsr
[Wed May 10 12:28:38 2023] install: environ
[Wed May 10 12:28:39 2023] install: trimspaces
[Wed May 10 12:28:39 2023] command: mktexlsr
[Wed May 10 12:29:05 2023] install: cd
[Wed May 10 12:29:05 2023] command: mktexlsr
[Wed May 10 12:30:01 2023] install: tikz-cd
[Wed May 10 12:30:01 2023] command: mktexlsr
[Wed May 10 13:30:24 2023] install: adjustbox
[Wed May 10 13:30:25 2023] install: collectbox
[Wed May 10 13:30:25 2023] install: currfile
[Wed May 10 13:30:26 2023] install: filemod
[Wed May 10 13:30:27 2023] install: gincltex
[Wed May 10 13:30:28 2023] install: standalone
[Wed May 10 13:30:28 2023] command: mktexlsr
